<?xml version="1.0" encoding="UTF-8"?>
<testng-results skipped="0" failed="0" total="0" passed="0">
  <reporter-output>
  </reporter-output>
  <suite name="selenium.AppDirectRegisterationTest" duration-ms="6" started-at="2016-02-26T02:00:33Z" finished-at="2016-02-26T02:00:33Z">
    <groups>
    </groups>
    <test name="Command line test" duration-ms="6" started-at="2016-02-26T02:00:33Z" finished-at="2016-02-26T02:00:33Z">
    </test> <!-- Command line test -->
  </suite> <!-- selenium.AppDirectRegisterationTest -->
</testng-results>
